<?xml version="1.0" encoding="UTF-8"?>
<!-- Generated by org.testng.reporters.JUnitReportReporter -->
<testsuite skipped="0" hostname="LAPTOP-AITJL72C" name="com.test1.test.MyaccountpageTest" tests="1" failures="0" timestamp="5 Apr 2020 13:24:20 GMT" time="24.121" errors="0">
  <testcase name="f" time="24.121" classname="com.test1.test.MyaccountpageTest"/>
</testsuite> <!-- com.test1.test.MyaccountpageTest -->
