<?xml version="1.0" encoding="UTF-8"?>
<!-- Generated by org.testng.reporters.JUnitReportReporter -->
<testsuite skipped="0" hostname="LAPTOP-AITJL72C" name="com.test1.test.MyaccountTest" tests="1" failures="0" timestamp="13 May 2018 11:26:25 GMT" time="20.015" errors="0">
  <testcase name="f" time="20.015" classname="com.test1.test.MyaccountTest"/>
</testsuite> <!-- com.test1.test.MyaccountTest -->
