<?xml version="1.0" encoding="UTF-8"?>
<!-- Generated by org.testng.reporters.JUnitReportReporter -->
<testsuite hostname="LAPTOP-AITJL72C" name="com.test1.test.MyaccountpageTest" tests="1" failures="0" timestamp="13 Nov 2020 11:56:01 GMT" time="21.223" errors="0">
  <testcase name="f" time="21.223" classname="com.test1.test.MyaccountpageTest"/>
</testsuite> <!-- com.test1.test.MyaccountpageTest -->
