<?xml version="1.0" encoding="UTF-8"?>
<!-- Generated by org.testng.reporters.JUnitReportReporter -->
<testsuite hostname="LAPTOP-AITJL72C" name="com.test1.test.MyaccountTest" tests="1" failures="0" timestamp="13 Nov 2020 11:56:01 GMT" time="26.209" errors="0">
  <testcase name="f" time="26.209" classname="com.test1.test.MyaccountTest"/>
</testsuite> <!-- com.test1.test.MyaccountTest -->
